Heap:
 garbage-first heap   total 165888K, used 133992K [0x00000000a0000000, 0x0000000100000000)
  region size 1024K, 60 young (61440K), 6 survivors (6144K)
 Metaspace       used 88482K, capacity 90995K, committed 91344K, reserved 1128448K
  class space    used 11602K, capacity 12548K, committed 12672K, reserved 1048576K
GC Heap History (20 events):
Event: 24.435 GC heap before
{Heap before GC invocations=44 (full 0):
 garbage-first heap   total 114688K, used 85436K [0x00000000a0000000, 0x0000000100000000)
  region size 1024K, 29 young (29696K), 2 survivors (2048K)
 Metaspace       used 68144K, capacity 69896K, committed 69968K, reserved 1110016K
  class space    used 8560K, capacity 9191K, committed 9216K, reserved 1048576K
}
Event: 24.443 GC heap after
{Heap after GC invocations=45 (full 0):
 garbage-first heap   total 114688K, used 59251K [0x00000000a0000000, 0x0000000100000000)
  region size 1024K, 4 young (4096K), 4 survivors (4096K)
 Metaspace       used 68144K, capacity 69896K, committed 69968K, reserved 1110016K
  class space    used 8560K, capacity 9191K, committed 9216K, reserved 1048576K
}
Event: 24.804 GC heap before
{Heap before GC invocations=46 (full 0):
 garbage-first heap   total 114688K, used 66419K [0x00000000a0000000, 0x0000000100000000)
  region size 1024K, 12 young (12288K), 4 survivors (4096K)
 Metaspace       used 68328K, capacity 70027K, committed 70352K, reserved 1110016K
  class space    used 8591K, capacity 9231K, committed 9344K, reserved 1048576K
}
Event: 24.821 GC heap after
{Heap after GC invocations=47 (full 0):
 garbage-first heap   total 114688K, used 60472K [0x00000000a0000000, 0x0000000100000000)
  region size 1024K, 4 young (4096K), 4 survivors (4096K)
 Metaspace       used 68328K, capacity 70027K, committed 70352K, reserved 1110016K
  class space    used 8591K, capacity 9231K, committed 9344K, reserved 1048576K
}
Event: 25.462 GC heap before
{Heap before GC invocations=48 (full 0):
 garbage-first heap   total 114688K, used 90168K [0x00000000a0000000, 0x0000000100000000)
  region size 1024K, 32 young (32768K), 4 survivors (4096K)
 Metaspace       used 68739K, capacity 70548K, committed 70608K, reserved 1110016K
  class space    used 8656K, capacity 9341K, committed 9344K, reserved 1048576K
}
Event: 25.473 GC heap after
{Heap after GC invocations=49 (full 0):
 garbage-first heap   total 114688K, used 62565K [0x00000000a0000000, 0x0000000100000000)
  region size 1024K, 4 young (4096K), 4 survivors (4096K)
 Metaspace       used 68739K, capacity 70548K, committed 70608K, reserved 1110016K
  class space    used 8656K, capacity 9341K, committed 9344K, reserved 1048576K
}
Event: 26.018 GC heap before
{Heap before GC invocations=49 (full 0):
 garbage-first heap   total 114688K, used 90213K [0x00000000a0000000, 0x0000000100000000)
  region size 1024K, 31 young (31744K), 4 survivors (4096K)
 Metaspace       used 69210K, capacity 71151K, committed 71248K, reserved 1112064K
  class space    used 8737K, capacity 9439K, committed 9472K, reserved 1048576K
}
Event: 26.035 GC heap after
{Heap after GC invocations=50 (full 0):
 garbage-first heap   total 138240K, used 63570K [0x00000000a0000000, 0x0000000100000000)
  region size 1024K, 1 young (1024K), 1 survivors (1024K)
 Metaspace       used 69210K, capacity 71151K, committed 71248K, reserved 1112064K
  class space    used 8737K, capacity 9439K, committed 9472K, reserved 1048576K
}
Event: 26.669 GC heap before
{Heap before GC invocations=51 (full 0):
 garbage-first heap   total 138240K, used 105554K [0x00000000a0000000, 0x0000000100000000)
  region size 1024K, 42 young (43008K), 1 survivors (1024K)
 Metaspace       used 69932K, capacity 71871K, committed 71888K, reserved 1112064K
  class space    used 8875K, capacity 9593K, committed 9600K, reserved 1048576K
}
Event: 26.677 GC heap after
{Heap after GC invocations=52 (full 0):
 garbage-first heap   total 138240K, used 65064K [0x00000000a0000000, 0x0000000100000000)
  region size 1024K, 3 young (3072K), 3 survivors (3072K)
 Metaspace       used 69932K, capacity 71871K, committed 71888K, reserved 1112064K
  class space    used 8875K, capacity 9593K, committed 9600K, reserved 1048576K
}
Event: 27.611 GC heap before
{Heap before GC invocations=52 (full 0):
 garbage-first heap   total 138240K, used 107048K [0x00000000a0000000, 0x0000000100000000)
  region size 1024K, 44 young (45056K), 3 survivors (3072K)
 Metaspace       used 71970K, capacity 74020K, committed 74320K, reserved 1114112K
  class space    used 9145K, capacity 9905K, committed 9984K, reserved 1048576K
}
Event: 27.621 GC heap after
{Heap after GC invocations=53 (full 0):
 garbage-first heap   total 138240K, used 68083K [0x00000000a0000000, 0x0000000100000000)
  region size 1024K, 6 young (6144K), 6 survivors (6144K)
 Metaspace       used 71970K, capacity 74020K, committed 74320K, reserved 1114112K
  class space    used 9145K, capacity 9905K, committed 9984K, reserved 1048576K
}
Event: 28.771 GC heap before
{Heap before GC invocations=54 (full 0):
 garbage-first heap   total 138240K, used 109043K [0x00000000a0000000, 0x0000000100000000)
  region size 1024K, 46 young (47104K), 6 survivors (6144K)
 Metaspace       used 76239K, capacity 78276K, committed 78416K, reserved 1118208K
  class space    used 9872K, capacity 10629K, committed 10752K, reserved 1048576K
}
Event: 28.790 GC heap after
{Heap after GC invocations=55 (full 0):
 garbage-first heap   total 138240K, used 70474K [0x00000000a0000000, 0x0000000100000000)
  region size 1024K, 6 young (6144K), 6 survivors (6144K)
 Metaspace       used 76239K, capacity 78276K, committed 78416K, reserved 1118208K
  class space    used 9872K, capacity 10629K, committed 10752K, reserved 1048576K
}
Event: 29.534 GC heap before
{Heap before GC invocations=55 (full 0):
 garbage-first heap   total 138240K, used 111434K [0x00000000a0000000, 0x0000000100000000)
  region size 1024K, 46 young (47104K), 6 survivors (6144K)
 Metaspace       used 77720K, capacity 79777K, committed 79952K, reserved 1118208K
  class space    used 10095K, capacity 10893K, committed 11008K, reserved 1048576K
}
Event: 29.558 GC heap after
{Heap after GC invocations=56 (full 0):
 garbage-first heap   total 138240K, used 73990K [0x00000000a0000000, 0x0000000100000000)
  region size 1024K, 6 young (6144K), 6 survivors (6144K)
 Metaspace       used 77720K, capacity 79777K, committed 79952K, reserved 1118208K
  class space    used 10095K, capacity 10893K, committed 11008K, reserved 1048576K
}
Event: 30.912 GC heap before
{Heap before GC invocations=57 (full 0):
 garbage-first heap   total 138240K, used 112902K [0x00000000a0000000, 0x0000000100000000)
  region size 1024K, 44 young (45056K), 6 survivors (6144K)
 Metaspace       used 80045K, capacity 82209K, committed 82384K, reserved 1120256K
  class space    used 10431K, capacity 11265K, committed 11392K, reserved 1048576K
}
Event: 30.935 GC heap after
{Heap after GC invocations=58 (full 0):
 garbage-first heap   total 165888K, used 77064K [0x00000000a0000000, 0x0000000100000000)
  region size 1024K, 4 young (4096K), 4 survivors (4096K)
 Metaspace       used 80045K, capacity 82209K, committed 82384K, reserved 1120256K
  class space    used 10431K, capacity 11265K, committed 11392K, reserved 1048576K
}
Event: 33.136 GC heap before
{Heap before GC invocations=58 (full 0):
 garbage-first heap   total 165888K, used 125192K [0x00000000a0000000, 0x0000000100000000)
  region size 1024K, 51 young (52224K), 4 survivors (4096K)
 Metaspace       used 85192K, capacity 87521K, committed 87632K, reserved 1124352K
  class space    used 11144K, capacity 12013K, committed 12032K, reserved 1048576K
}
Event: 33.158 GC heap after
{Heap after GC invocations=59 (full 0):
 garbage-first heap   total 165888K, used 79720K [0x00000000a0000000, 0x0000000100000000)
  region size 1024K, 6 young (6144K), 6 survivors (6144K)
 Metaspace       used 85192K, capacity 87521K, committed 87632K, reserved 1124352K
  class space    used 11144K, capacity 12013K, committed 12032K, reserved 1048576K
}

