# JRE version: OpenJDK Runtime Environment (11.0.15) (build 11.0.15+0-b2043.56-9505619)
# Java VM: OpenJDK 64-Bit Server VM (11.0.15+0-b2043.56-9505619, mixed mode, tiered, compressed oops, g1 gc, windows-amd64)
Heap:
 garbage-first heap   total 65536K, used 49408K [0x00000000a0000000, 0x0000000100000000)
  region size 1024K, 3 young (3072K), 1 survivors (1024K)
 Metaspace       used 51671K, capacity 53080K, committed 53328K, reserved 1095680K
  class space    used 6546K, capacity 7097K, committed 7168K, reserved 1048576K
GC Heap History (20 events):
Event: 24.105 GC heap before
{Heap before GC invocations=18 (full 0):
 garbage-first heap   total 65536K, used 50763K [0x00000000a0000000, 0x0000000100000000)
  region size 1024K, 23 young (23552K), 3 survivors (3072K)
 Metaspace       used 45732K, capacity 46849K, committed 47056K, reserved 1089536K
  class space    used 5819K, capacity 6240K, committed 6272K, reserved 1048576K
}
Event: 24.111 GC heap after
{Heap after GC invocations=19 (full 0):
 garbage-first heap   total 65536K, used 30992K [0x00000000a0000000, 0x0000000100000000)
  region size 1024K, 1 young (1024K), 1 survivors (1024K)
 Metaspace       used 45732K, capacity 46849K, committed 47056K, reserved 1089536K
  class space    used 5819K, capacity 6240K, committed 6272K, reserved 1048576K
}
Event: 24.816 GC heap before
{Heap before GC invocations=19 (full 0):
 garbage-first heap   total 65536K, used 51472K [0x00000000a0000000, 0x0000000100000000)
  region size 1024K, 21 young (21504K), 1 survivors (1024K)
 Metaspace       used 47328K, capacity 48476K, committed 48592K, reserved 1091584K
  class space    used 6031K, capacity 6444K, committed 6528K, reserved 1048576K
}
Event: 24.821 GC heap after
{Heap after GC invocations=20 (full 0):
 garbage-first heap   total 65536K, used 31304K [0x00000000a0000000, 0x0000000100000000)
  region size 1024K, 2 young (2048K), 2 survivors (2048K)
 Metaspace       used 47328K, capacity 48476K, committed 48592K, reserved 1091584K
  class space    used 6031K, capacity 6444K, committed 6528K, reserved 1048576K
}
Event: 26.766 GC heap before
{Heap before GC invocations=21 (full 0):
 garbage-first heap   total 65536K, used 51784K [0x00000000a0000000, 0x0000000100000000)
  region size 1024K, 22 young (22528K), 2 survivors (2048K)
 Metaspace       used 48474K, capacity 49711K, committed 50000K, reserved 1093632K
  class space    used 6152K, capacity 6617K, committed 6656K, reserved 1048576K
}
Event: 26.772 GC heap after
{Heap after GC invocations=22 (full 0):
 garbage-first heap   total 65536K, used 32346K [0x00000000a0000000, 0x0000000100000000)
  region size 1024K, 3 young (3072K), 3 survivors (3072K)
 Metaspace       used 48474K, capacity 49711K, committed 50000K, reserved 1093632K
  class space    used 6152K, capacity 6617K, committed 6656K, reserved 1048576K
}
Event: 28.242 GC heap before
{Heap before GC invocations=22 (full 0):
 garbage-first heap   total 65536K, used 49754K [0x00000000a0000000, 0x0000000100000000)
  region size 1024K, 22 young (22528K), 3 survivors (3072K)
 Metaspace       used 49042K, capacity 50419K, committed 50640K, reserved 1093632K
  class space    used 6208K, capacity 6719K, committed 6784K, reserved 1048576K
}
Event: 28.254 GC heap after
{Heap after GC invocations=23 (full 0):
 garbage-first heap   total 65536K, used 33250K [0x00000000a0000000, 0x0000000100000000)
  region size 1024K, 3 young (3072K), 3 survivors (3072K)
 Metaspace       used 49042K, capacity 50419K, committed 50640K, reserved 1093632K
  class space    used 6208K, capacity 6719K, committed 6784K, reserved 1048576K
}
Event: 28.530 GC heap before
{Heap before GC invocations=24 (full 0):
 garbage-first heap   total 65536K, used 39394K [0x00000000a0000000, 0x0000000100000000)
  region size 1024K, 8 young (8192K), 3 survivors (3072K)
 Metaspace       used 49049K, capacity 50419K, committed 50640K, reserved 1093632K
  class space    used 6208K, capacity 6719K, committed 6784K, reserved 1048576K
}
Event: 28.541 GC heap after
{Heap after GC invocations=25 (full 0):
 garbage-first heap   total 65536K, used 39534K [0x00000000a0000000, 0x0000000100000000)
  region size 1024K, 3 young (3072K), 3 survivors (3072K)
 Metaspace       used 49049K, capacity 50419K, committed 50640K, reserved 1093632K
  class space    used 6208K, capacity 6719K, committed 6784K, reserved 1048576K
}
Event: 28.770 GC heap before
{Heap before GC invocations=26 (full 0):
 garbage-first heap   total 65536K, used 45678K [0x00000000a0000000, 0x0000000100000000)
  region size 1024K, 7 young (7168K), 3 survivors (3072K)
 Metaspace       used 49049K, capacity 50419K, committed 50640K, reserved 1093632K
  class space    used 6208K, capacity 6719K, committed 6784K, reserved 1048576K
}
Event: 28.774 GC heap after
{Heap after GC invocations=27 (full 0):
 garbage-first heap   total 65536K, used 45132K [0x00000000a0000000, 0x0000000100000000)
  region size 1024K, 2 young (2048K), 2 survivors (2048K)
 Metaspace       used 49049K, capacity 50419K, committed 50640K, reserved 1093632K
  class space    used 6208K, capacity 6719K, committed 6784K, reserved 1048576K
}
Event: 29.158 GC heap before
{Heap before GC invocations=28 (full 0):
 garbage-first heap   total 65536K, used 51276K [0x00000000a0000000, 0x0000000100000000)
  region size 1024K, 7 young (7168K), 2 survivors (2048K)
 Metaspace       used 49395K, capacity 50785K, committed 50896K, reserved 1093632K
  class space    used 6255K, capacity 6757K, committed 6784K, reserved 1048576K
}
Event: 29.161 GC heap after
{Heap after GC invocations=29 (full 0):
 garbage-first heap   total 65536K, used 47876K [0x00000000a0000000, 0x0000000100000000)
  region size 1024K, 1 young (1024K), 1 survivors (1024K)
 Metaspace       used 49395K, capacity 50785K, committed 50896K, reserved 1093632K
  class space    used 6255K, capacity 6757K, committed 6784K, reserved 1048576K
}
Event: 29.505 GC heap before
{Heap before GC invocations=29 (full 0):
 garbage-first heap   total 65536K, used 51972K [0x00000000a0000000, 0x0000000100000000)
  region size 1024K, 6 young (6144K), 1 survivors (1024K)
 Metaspace       used 50030K, capacity 51393K, committed 51536K, reserved 1093632K
  class space    used 6324K, capacity 6853K, committed 6912K, reserved 1048576K
}
Event: 29.510 GC heap after
{Heap after GC invocations=30 (full 0):
 garbage-first heap   total 65536K, used 48020K [0x00000000a0000000, 0x0000000100000000)
  region size 1024K, 1 young (1024K), 1 survivors (1024K)
 Metaspace       used 50030K, capacity 51393K, committed 51536K, reserved 1093632K
  class space    used 6324K, capacity 6853K, committed 6912K, reserved 1048576K
}
Event: 29.735 GC heap before
{Heap before GC invocations=31 (full 0):
 garbage-first heap   total 65536K, used 52116K [0x00000000a0000000, 0x0000000100000000)
  region size 1024K, 5 young (5120K), 1 survivors (1024K)
 Metaspace       used 50446K, capacity 51794K, committed 52048K, reserved 1095680K
  class space    used 6375K, capacity 6880K, committed 6912K, reserved 1048576K
}
Event: 29.737 GC heap after
{Heap after GC invocations=32 (full 0):
 garbage-first heap   total 65536K, used 48067K [0x00000000a0000000, 0x0000000100000000)
  region size 1024K, 1 young (1024K), 1 survivors (1024K)
 Metaspace       used 50446K, capacity 51794K, committed 52048K, reserved 1095680K
  class space    used 6375K, capacity 6880K, committed 6912K, reserved 1048576K
}
Event: 30.106 GC heap before
{Heap before GC invocations=32 (full 0):
 garbage-first heap   total 65536K, used 53187K [0x00000000a0000000, 0x0000000100000000)
  region size 1024K, 6 young (6144K), 1 survivors (1024K)
 Metaspace       used 50953K, capacity 52396K, committed 52688K, reserved 1095680K
  class space    used 6454K, capacity 6998K, committed 7040K, reserved 1048576K
}
Event: 30.110 GC heap after
{Heap after GC invocations=33 (full 0):
 garbage-first heap   total 65536K, used 48233K [0x00000000a0000000, 0x0000000100000000)
  region size 1024K, 1 young (1024K), 1 survivors (1024K)
 Metaspace       used 50953K, capacity 52396K, committed 52688K, reserved 1095680K
  class space    used 6454K, capacity 6998K, committed 7040K, reserved 1048576K
}

