# JRE version: OpenJDK Runtime Environment (11.0.15) (build 11.0.15+0-b2043.56-9505619)
# Java VM: OpenJDK 64-Bit Server VM (11.0.15+0-b2043.56-9505619, mixed mode, tiered, compressed oops, g1 gc, windows-amd64)
Heap:
 garbage-first heap   total 165888K, used 126312K [0x00000000a0000000, 0x0000000100000000)
  region size 1024K, 52 young (53248K), 6 survivors (6144K)
 Metaspace       used 88503K, capacity 90938K, committed 91264K, reserved 1128448K
  class space    used 11606K, capacity 12548K, committed 12672K, reserved 1048576K
GC Heap History (20 events):
Event: 23.555 GC heap before
{Heap before GC invocations=41 (full 0):
 garbage-first heap   total 114688K, used 83802K [0x00000000a0000000, 0x0000000100000000)
  region size 1024K, 28 young (28672K), 2 survivors (2048K)
 Metaspace       used 68335K, capacity 70085K, committed 70272K, reserved 1110016K
  class space    used 8599K, capacity 9229K, committed 9344K, reserved 1048576K
}
Event: 23.564 GC heap after
{Heap after GC invocations=42 (full 0):
 garbage-first heap   total 114688K, used 60503K [0x00000000a0000000, 0x0000000100000000)
  region size 1024K, 4 young (4096K), 4 survivors (4096K)
 Metaspace       used 68335K, capacity 70085K, committed 70272K, reserved 1110016K
  class space    used 8599K, capacity 9229K, committed 9344K, reserved 1048576K
}
Event: 23.942 GC heap before
{Heap before GC invocations=43 (full 0):
 garbage-first heap   total 114688K, used 88151K [0x00000000a0000000, 0x0000000100000000)
  region size 1024K, 31 young (31744K), 4 survivors (4096K)
 Metaspace       used 68737K, capacity 70541K, committed 70784K, reserved 1110016K
  class space    used 8663K, capacity 9339K, committed 9344K, reserved 1048576K
}
Event: 23.952 GC heap after
{Heap after GC invocations=44 (full 0):
 garbage-first heap   total 114688K, used 62538K [0x00000000a0000000, 0x0000000100000000)
  region size 1024K, 3 young (3072K), 3 survivors (3072K)
 Metaspace       used 68737K, capacity 70541K, committed 70784K, reserved 1110016K
  class space    used 8663K, capacity 9339K, committed 9344K, reserved 1048576K
}
Event: 24.260 GC heap before
{Heap before GC invocations=44 (full 0):
 garbage-first heap   total 114688K, used 90186K [0x00000000a0000000, 0x0000000100000000)
  region size 1024K, 30 young (30720K), 3 survivors (3072K)
 Metaspace       used 69188K, capacity 71146K, committed 71424K, reserved 1112064K
  class space    used 8738K, capacity 9438K, committed 9472K, reserved 1048576K
}
Event: 24.268 GC heap after
{Heap after GC invocations=45 (full 0):
 garbage-first heap   total 114688K, used 63290K [0x00000000a0000000, 0x0000000100000000)
  region size 1024K, 1 young (1024K), 1 survivors (1024K)
 Metaspace       used 69188K, capacity 71146K, committed 71424K, reserved 1112064K
  class space    used 8738K, capacity 9438K, committed 9472K, reserved 1048576K
}
Event: 24.724 GC heap before
{Heap before GC invocations=46 (full 0):
 garbage-first heap   total 114688K, used 91962K [0x00000000a0000000, 0x0000000100000000)
  region size 1024K, 29 young (29696K), 1 survivors (1024K)
 Metaspace       used 69917K, capacity 71858K, committed 72064K, reserved 1112064K
  class space    used 8877K, capacity 9590K, committed 9600K, reserved 1048576K
}
Event: 24.730 GC heap after
{Heap after GC invocations=47 (full 0):
 garbage-first heap   total 138240K, used 64130K [0x00000000a0000000, 0x0000000100000000)
  region size 1024K, 2 young (2048K), 2 survivors (2048K)
 Metaspace       used 69917K, capacity 71858K, committed 72064K, reserved 1112064K
  class space    used 8877K, capacity 9590K, committed 9600K, reserved 1048576K
}
Event: 25.256 GC heap before
{Heap before GC invocations=47 (full 0):
 garbage-first heap   total 138240K, used 102018K [0x00000000a0000000, 0x0000000100000000)
  region size 1024K, 39 young (39936K), 2 survivors (2048K)
 Metaspace       used 70372K, capacity 72419K, committed 72704K, reserved 1112064K
  class space    used 8927K, capacity 9649K, committed 9728K, reserved 1048576K
}
Event: 25.266 GC heap after
{Heap after GC invocations=48 (full 0):
 garbage-first heap   total 138240K, used 66848K [0x00000000a0000000, 0x0000000100000000)
  region size 1024K, 5 young (5120K), 5 survivors (5120K)
 Metaspace       used 70372K, capacity 72419K, committed 72704K, reserved 1112064K
  class space    used 8927K, capacity 9649K, committed 9728K, reserved 1048576K
}
Event: 26.753 GC heap before
{Heap before GC invocations=49 (full 0):
 garbage-first heap   total 138240K, used 104736K [0x00000000a0000000, 0x0000000100000000)
  region size 1024K, 42 young (43008K), 5 survivors (5120K)
 Metaspace       used 74078K, capacity 76091K, committed 76416K, reserved 1116160K
  class space    used 9561K, capacity 10294K, committed 10368K, reserved 1048576K
}
Event: 26.769 GC heap after
{Heap after GC invocations=50 (full 0):
 garbage-first heap   total 138240K, used 68666K [0x00000000a0000000, 0x0000000100000000)
  region size 1024K, 5 young (5120K), 5 survivors (5120K)
 Metaspace       used 74078K, capacity 76091K, committed 76416K, reserved 1116160K
  class space    used 9561K, capacity 10294K, committed 10368K, reserved 1048576K
}
Event: 27.576 GC heap before
{Heap before GC invocations=50 (full 0):
 garbage-first heap   total 138240K, used 106554K [0x00000000a0000000, 0x0000000100000000)
  region size 1024K, 42 young (43008K), 5 survivors (5120K)
 Metaspace       used 76855K, capacity 78936K, committed 79104K, reserved 1118208K
  class space    used 9952K, capacity 10698K, committed 10752K, reserved 1048576K
}
Event: 27.597 GC heap after
{Heap after GC invocations=51 (full 0):
 garbage-first heap   total 138240K, used 71522K [0x00000000a0000000, 0x0000000100000000)
  region size 1024K, 5 young (5120K), 5 survivors (5120K)
 Metaspace       used 76855K, capacity 78936K, committed 79104K, reserved 1118208K
  class space    used 9952K, capacity 10698K, committed 10752K, reserved 1048576K
}
Event: 28.446 GC heap before
{Heap before GC invocations=52 (full 0):
 garbage-first heap   total 138240K, used 109410K [0x00000000a0000000, 0x0000000100000000)
  region size 1024K, 42 young (43008K), 5 survivors (5120K)
 Metaspace       used 77965K, capacity 79984K, committed 80128K, reserved 1118208K
  class space    used 10143K, capacity 10897K, committed 11008K, reserved 1048576K
}
Event: 28.468 GC heap after
{Heap after GC invocations=53 (full 0):
 garbage-first heap   total 138240K, used 74752K [0x00000000a0000000, 0x0000000100000000)
  region size 1024K, 6 young (6144K), 6 survivors (6144K)
 Metaspace       used 77965K, capacity 79984K, committed 80128K, reserved 1118208K
  class space    used 10143K, capacity 10897K, committed 11008K, reserved 1048576K
}
Event: 29.398 GC heap before
{Heap before GC invocations=53 (full 0):
 garbage-first heap   total 138240K, used 112640K [0x00000000a0000000, 0x0000000100000000)
  region size 1024K, 43 young (44032K), 6 survivors (6144K)
 Metaspace       used 80659K, capacity 82884K, committed 83072K, reserved 1120256K
  class space    used 10525K, capacity 11379K, committed 11392K, reserved 1048576K
}
Event: 29.443 GC heap after
{Heap after GC invocations=54 (full 0):
 garbage-first heap   total 165888K, used 77691K [0x00000000a0000000, 0x0000000100000000)
  region size 1024K, 3 young (3072K), 3 survivors (3072K)
 Metaspace       used 80659K, capacity 82884K, committed 83072K, reserved 1120256K
  class space    used 10525K, capacity 11379K, committed 11392K, reserved 1048576K
}
Event: 32.053 GC heap before
{Heap before GC invocations=55 (full 0):
 garbage-first heap   total 165888K, used 124795K [0x00000000a0000000, 0x0000000100000000)
  region size 1024K, 49 young (50176K), 3 survivors (3072K)
 Metaspace       used 85793K, capacity 88094K, committed 88192K, reserved 1126400K
  class space    used 11234K, capacity 12118K, committed 12160K, reserved 1048576K
}
Event: 32.094 GC heap after
{Heap after GC invocations=56 (full 0):
 garbage-first heap   total 165888K, used 80232K [0x00000000a0000000, 0x0000000100000000)
  region size 1024K, 6 young (6144K), 6 survivors (6144K)
 Metaspace       used 85793K, capacity 88094K, committed 88192K, reserved 1126400K
  class space    used 11234K, capacity 12118K, committed 12160K, reserved 1048576K
}

