# JRE version: OpenJDK Runtime Environment (11.0.15) (build 11.0.15+0-b2043.56-9505619)
# Java VM: OpenJDK 64-Bit Server VM (11.0.15+0-b2043.56-9505619, mixed mode, tiered, compressed oops, g1 gc, windows-amd64)
Heap:
 garbage-first heap   total 165888K, used 91886K [0x00000000a0000000, 0x0000000100000000)
  region size 1024K, 50 young (51200K), 6 survivors (6144K)
 Metaspace       used 49618K, capacity 50856K, committed 50896K, reserved 1093632K
  class space    used 6214K, capacity 6672K, committed 6688K, reserved 1048576K
GC Heap History (20 events):
Event: 37.168 GC heap before
{Heap before GC invocations=70 (full 0):
 garbage-first heap   total 165888K, used 141051K [0x00000000a0000000, 0x0000000100000000)
  region size 1024K, 97 young (99328K), 6 survivors (6144K)
 Metaspace       used 49618K, capacity 50856K, committed 50896K, reserved 1093632K
  class space    used 6214K, capacity 6672K, committed 6688K, reserved 1048576K
}
Event: 37.178 GC heap after
{Heap after GC invocations=71 (full 0):
 garbage-first heap   total 165888K, used 49055K [0x00000000a0000000, 0x0000000100000000)
  region size 1024K, 7 young (7168K), 7 survivors (7168K)
 Metaspace       used 49618K, capacity 50856K, committed 50896K, reserved 1093632K
  class space    used 6214K, capacity 6672K, committed 6688K, reserved 1048576K
}
Event: 37.612 GC heap before
{Heap before GC invocations=71 (full 0):
 garbage-first heap   total 165888K, used 141215K [0x00000000a0000000, 0x0000000100000000)
  region size 1024K, 97 young (99328K), 7 survivors (7168K)
 Metaspace       used 49618K, capacity 50856K, committed 50896K, reserved 1093632K
  class space    used 6214K, capacity 6672K, committed 6688K, reserved 1048576K
}
Event: 37.624 GC heap after
{Heap after GC invocations=72 (full 0):
 garbage-first heap   total 165888K, used 49483K [0x00000000a0000000, 0x0000000100000000)
  region size 1024K, 7 young (7168K), 7 survivors (7168K)
 Metaspace       used 49618K, capacity 50856K, committed 50896K, reserved 1093632K
  class space    used 6214K, capacity 6672K, committed 6688K, reserved 1048576K
}
Event: 38.092 GC heap before
{Heap before GC invocations=72 (full 0):
 garbage-first heap   total 165888K, used 140619K [0x00000000a0000000, 0x0000000100000000)
  region size 1024K, 96 young (98304K), 7 survivors (7168K)
 Metaspace       used 49618K, capacity 50856K, committed 50896K, reserved 1093632K
  class space    used 6214K, capacity 6672K, committed 6688K, reserved 1048576K
}
Event: 38.100 GC heap after
{Heap after GC invocations=73 (full 0):
 garbage-first heap   total 165888K, used 49864K [0x00000000a0000000, 0x0000000100000000)
  region size 1024K, 7 young (7168K), 7 survivors (7168K)
 Metaspace       used 49618K, capacity 50856K, committed 50896K, reserved 1093632K
  class space    used 6214K, capacity 6672K, committed 6688K, reserved 1048576K
}
Event: 38.760 GC heap before
{Heap before GC invocations=73 (full 0):
 garbage-first heap   total 165888K, used 141000K [0x00000000a0000000, 0x0000000100000000)
  region size 1024K, 96 young (98304K), 7 survivors (7168K)
 Metaspace       used 49618K, capacity 50856K, committed 50896K, reserved 1093632K
  class space    used 6214K, capacity 6672K, committed 6688K, reserved 1048576K
}
Event: 38.767 GC heap after
{Heap after GC invocations=74 (full 0):
 garbage-first heap   total 165888K, used 44899K [0x00000000a0000000, 0x0000000100000000)
  region size 1024K, 4 young (4096K), 4 survivors (4096K)
 Metaspace       used 49618K, capacity 50856K, committed 50896K, reserved 1093632K
  class space    used 6214K, capacity 6672K, committed 6688K, reserved 1048576K
}
Event: 39.371 GC heap before
{Heap before GC invocations=74 (full 0):
 garbage-first heap   total 165888K, used 140131K [0x00000000a0000000, 0x0000000100000000)
  region size 1024K, 97 young (99328K), 4 survivors (4096K)
 Metaspace       used 49618K, capacity 50856K, committed 50896K, reserved 1093632K
  class space    used 6214K, capacity 6672K, committed 6688K, reserved 1048576K
}
Event: 39.376 GC heap after
{Heap after GC invocations=75 (full 0):
 garbage-first heap   total 165888K, used 45484K [0x00000000a0000000, 0x0000000100000000)
  region size 1024K, 5 young (5120K), 5 survivors (5120K)
 Metaspace       used 49618K, capacity 50856K, committed 50896K, reserved 1093632K
  class space    used 6214K, capacity 6672K, committed 6688K, reserved 1048576K
}
Event: 40.060 GC heap before
{Heap before GC invocations=75 (full 0):
 garbage-first heap   total 165888K, used 139692K [0x00000000a0000000, 0x0000000100000000)
  region size 1024K, 97 young (99328K), 5 survivors (5120K)
 Metaspace       used 49618K, capacity 50856K, committed 50896K, reserved 1093632K
  class space    used 6214K, capacity 6672K, committed 6688K, reserved 1048576K
}
Event: 40.066 GC heap after
{Heap after GC invocations=76 (full 0):
 garbage-first heap   total 165888K, used 45940K [0x00000000a0000000, 0x0000000100000000)
  region size 1024K, 5 young (5120K), 5 survivors (5120K)
 Metaspace       used 49618K, capacity 50856K, committed 50896K, reserved 1093632K
  class space    used 6214K, capacity 6672K, committed 6688K, reserved 1048576K
}
Event: 40.686 GC heap before
{Heap before GC invocations=76 (full 0):
 garbage-first heap   total 165888K, used 140148K [0x00000000a0000000, 0x0000000100000000)
  region size 1024K, 97 young (99328K), 5 survivors (5120K)
 Metaspace       used 49618K, capacity 50856K, committed 50896K, reserved 1093632K
  class space    used 6214K, capacity 6672K, committed 6688K, reserved 1048576K
}
Event: 40.693 GC heap after
{Heap after GC invocations=77 (full 0):
 garbage-first heap   total 165888K, used 46321K [0x00000000a0000000, 0x0000000100000000)
  region size 1024K, 5 young (5120K), 5 survivors (5120K)
 Metaspace       used 49618K, capacity 50856K, committed 50896K, reserved 1093632K
  class space    used 6214K, capacity 6672K, committed 6688K, reserved 1048576K
}
Event: 41.284 GC heap before
{Heap before GC invocations=77 (full 0):
 garbage-first heap   total 165888K, used 140529K [0x00000000a0000000, 0x0000000100000000)
  region size 1024K, 97 young (99328K), 5 survivors (5120K)
 Metaspace       used 49618K, capacity 50856K, committed 50896K, reserved 1093632K
  class space    used 6214K, capacity 6672K, committed 6688K, reserved 1048576K
}
Event: 41.290 GC heap after
{Heap after GC invocations=78 (full 0):
 garbage-first heap   total 165888K, used 46732K [0x00000000a0000000, 0x0000000100000000)
  region size 1024K, 5 young (5120K), 5 survivors (5120K)
 Metaspace       used 49618K, capacity 50856K, committed 50896K, reserved 1093632K
  class space    used 6214K, capacity 6672K, committed 6688K, reserved 1048576K
}
Event: 41.748 GC heap before
{Heap before GC invocations=78 (full 0):
 garbage-first heap   total 165888K, used 140940K [0x00000000a0000000, 0x0000000100000000)
  region size 1024K, 97 young (99328K), 5 survivors (5120K)
 Metaspace       used 49618K, capacity 50856K, committed 50896K, reserved 1093632K
  class space    used 6214K, capacity 6672K, committed 6688K, reserved 1048576K
}
Event: 41.754 GC heap after
{Heap after GC invocations=79 (full 0):
 garbage-first heap   total 165888K, used 47289K [0x00000000a0000000, 0x0000000100000000)
  region size 1024K, 6 young (6144K), 6 survivors (6144K)
 Metaspace       used 49618K, capacity 50856K, committed 50896K, reserved 1093632K
  class space    used 6214K, capacity 6672K, committed 6688K, reserved 1048576K
}
Event: 42.135 GC heap before
{Heap before GC invocations=79 (full 0):
 garbage-first heap   total 165888K, used 140473K [0x00000000a0000000, 0x0000000100000000)
  region size 1024K, 97 young (99328K), 6 survivors (6144K)
 Metaspace       used 49618K, capacity 50856K, committed 50896K, reserved 1093632K
  class space    used 6214K, capacity 6672K, committed 6688K, reserved 1048576K
}
Event: 42.141 GC heap after
{Heap after GC invocations=80 (full 0):
 garbage-first heap   total 165888K, used 47854K [0x00000000a0000000, 0x0000000100000000)
  region size 1024K, 6 young (6144K), 6 survivors (6144K)
 Metaspace       used 49618K, capacity 50856K, committed 50896K, reserved 1093632K
  class space    used 6214K, capacity 6672K, committed 6688K, reserved 1048576K
}

