# JRE version: OpenJDK Runtime Environment (11.0.15) (build 11.0.15+0-b2043.56-9505619)
# Java VM: OpenJDK 64-Bit Server VM (11.0.15+0-b2043.56-9505619, mixed mode, tiered, compressed oops, g1 gc, windows-amd64)
Heap:
 garbage-first heap   total 78848K, used 43627K [0x00000000a0000000, 0x0000000100000000)
  region size 1024K, 2 young (2048K), 2 survivors (2048K)
 Metaspace       used 49027K, capacity 50320K, committed 50384K, reserved 1093632K
  class space    used 6205K, capacity 6685K, committed 6688K, reserved 1048576K
GC Heap History (20 events):
Event: 14.266 GC heap after
{Heap after GC invocations=14 (full 0):
 garbage-first heap   total 65536K, used 25127K [0x00000000a0000000, 0x0000000100000000)
  region size 1024K, 2 young (2048K), 2 survivors (2048K)
 Metaspace       used 38626K, capacity 39515K, committed 39632K, reserved 1083392K
  class space    used 4939K, capacity 5294K, committed 5408K, reserved 1048576K
}
Event: 14.764 GC heap before
{Heap before GC invocations=14 (full 0):
 garbage-first heap   total 65536K, used 45607K [0x00000000a0000000, 0x0000000100000000)
  region size 1024K, 20 young (20480K), 2 survivors (2048K)
 Metaspace       used 40151K, capacity 41144K, committed 41296K, reserved 1085440K
  class space    used 5059K, capacity 5452K, committed 5536K, reserved 1048576K
}
Event: 14.774 GC heap after
{Heap after GC invocations=15 (full 0):
 garbage-first heap   total 65536K, used 26347K [0x00000000a0000000, 0x0000000100000000)
  region size 1024K, 3 young (3072K), 3 survivors (3072K)
 Metaspace       used 40151K, capacity 41144K, committed 41296K, reserved 1085440K
  class space    used 5059K, capacity 5452K, committed 5536K, reserved 1048576K
}
Event: 15.755 GC heap before
{Heap before GC invocations=15 (full 0):
 garbage-first heap   total 65536K, used 45803K [0x00000000a0000000, 0x0000000100000000)
  region size 1024K, 22 young (22528K), 3 survivors (3072K)
 Metaspace       used 41594K, capacity 42585K, committed 42832K, reserved 1087488K
  class space    used 5281K, capacity 5675K, committed 5792K, reserved 1048576K
}
Event: 15.761 GC heap after
{Heap after GC invocations=16 (full 0):
 garbage-first heap   total 65536K, used 27348K [0x00000000a0000000, 0x0000000100000000)
  region size 1024K, 3 young (3072K), 3 survivors (3072K)
 Metaspace       used 41594K, capacity 42585K, committed 42832K, reserved 1087488K
  class space    used 5281K, capacity 5675K, committed 5792K, reserved 1048576K
}
Event: 16.259 GC heap before
{Heap before GC invocations=16 (full 0):
 garbage-first heap   total 65536K, used 46804K [0x00000000a0000000, 0x0000000100000000)
  region size 1024K, 22 young (22528K), 3 survivors (3072K)
 Metaspace       used 43929K, capacity 44891K, committed 45008K, reserved 1089536K
  class space    used 5540K, capacity 5911K, committed 5920K, reserved 1048576K
}
Event: 16.265 GC heap after
{Heap after GC invocations=17 (full 0):
 garbage-first heap   total 65536K, used 27937K [0x00000000a0000000, 0x0000000100000000)
  region size 1024K, 2 young (2048K), 2 survivors (2048K)
 Metaspace       used 43929K, capacity 44891K, committed 45008K, reserved 1089536K
  class space    used 5540K, capacity 5911K, committed 5920K, reserved 1048576K
}
Event: 16.771 GC heap before
{Heap before GC invocations=17 (full 0):
 garbage-first heap   total 65536K, used 48417K [0x00000000a0000000, 0x0000000100000000)
  region size 1024K, 22 young (22528K), 2 survivors (2048K)
 Metaspace       used 44654K, capacity 45736K, committed 46032K, reserved 1089536K
  class space    used 5655K, capacity 6061K, committed 6176K, reserved 1048576K
}
Event: 16.781 GC heap after
{Heap after GC invocations=18 (full 0):
 garbage-first heap   total 65536K, used 29485K [0x00000000a0000000, 0x0000000100000000)
  region size 1024K, 3 young (3072K), 3 survivors (3072K)
 Metaspace       used 44654K, capacity 45736K, committed 46032K, reserved 1089536K
  class space    used 5655K, capacity 6061K, committed 6176K, reserved 1048576K
}
Event: 17.745 GC heap before
{Heap before GC invocations=18 (full 0):
 garbage-first heap   total 65536K, used 49965K [0x00000000a0000000, 0x0000000100000000)
  region size 1024K, 23 young (23552K), 3 survivors (3072K)
 Metaspace       used 46094K, capacity 47152K, committed 47184K, reserved 1089536K
  class space    used 5872K, capacity 6279K, committed 6304K, reserved 1048576K
}
Event: 17.752 GC heap after
{Heap after GC invocations=19 (full 0):
 garbage-first heap   total 65536K, used 30353K [0x00000000a0000000, 0x0000000100000000)
  region size 1024K, 1 young (1024K), 1 survivors (1024K)
 Metaspace       used 46094K, capacity 47152K, committed 47184K, reserved 1089536K
  class space    used 5872K, capacity 6279K, committed 6304K, reserved 1048576K
}
Event: 18.581 GC heap before
{Heap before GC invocations=19 (full 0):
 garbage-first heap   total 65536K, used 49809K [0x00000000a0000000, 0x0000000100000000)
  region size 1024K, 20 young (20480K), 1 survivors (1024K)
 Metaspace       used 47511K, capacity 48654K, committed 48976K, reserved 1091584K
  class space    used 6053K, capacity 6481K, committed 6560K, reserved 1048576K
}
Event: 18.587 GC heap after
{Heap after GC invocations=20 (full 0):
 garbage-first heap   total 65536K, used 30559K [0x00000000a0000000, 0x0000000100000000)
  region size 1024K, 2 young (2048K), 2 survivors (2048K)
 Metaspace       used 47511K, capacity 48654K, committed 48976K, reserved 1091584K
  class space    used 6053K, capacity 6481K, committed 6560K, reserved 1048576K
}
Event: 19.554 GC heap before
{Heap before GC invocations=21 (full 0):
 garbage-first heap   total 65536K, used 50015K [0x00000000a0000000, 0x0000000100000000)
  region size 1024K, 21 young (21504K), 2 survivors (2048K)
 Metaspace       used 48508K, capacity 49691K, committed 49872K, reserved 1093632K
  class space    used 6161K, capacity 6631K, committed 6688K, reserved 1048576K
}
Event: 19.559 GC heap after
{Heap after GC invocations=22 (full 0):
 garbage-first heap   total 65536K, used 31525K [0x00000000a0000000, 0x0000000100000000)
  region size 1024K, 3 young (3072K), 3 survivors (3072K)
 Metaspace       used 48508K, capacity 49691K, committed 49872K, reserved 1093632K
  class space    used 6161K, capacity 6631K, committed 6688K, reserved 1048576K
}
Event: 20.431 GC heap before
{Heap before GC invocations=22 (full 0):
 garbage-first heap   total 65536K, used 47909K [0x00000000a0000000, 0x0000000100000000)
  region size 1024K, 21 young (21504K), 3 survivors (3072K)
 Metaspace       used 49021K, capacity 50320K, committed 50384K, reserved 1093632K
  class space    used 6205K, capacity 6685K, committed 6688K, reserved 1048576K
}
Event: 20.439 GC heap after
{Heap after GC invocations=23 (full 0):
 garbage-first heap   total 65536K, used 32384K [0x00000000a0000000, 0x0000000100000000)
  region size 1024K, 3 young (3072K), 3 survivors (3072K)
 Metaspace       used 49021K, capacity 50320K, committed 50384K, reserved 1093632K
  class space    used 6205K, capacity 6685K, committed 6688K, reserved 1048576K
}
Event: 20.621 GC heap before
{Heap before GC invocations=24 (full 0):
 garbage-first heap   total 65536K, used 38528K [0x00000000a0000000, 0x0000000100000000)
  region size 1024K, 8 young (8192K), 3 survivors (3072K)
 Metaspace       used 49027K, capacity 50320K, committed 50384K, reserved 1093632K
  class space    used 6205K, capacity 6685K, committed 6688K, reserved 1048576K
}
Event: 20.629 GC heap after
{Heap after GC invocations=25 (full 0):
 garbage-first heap   total 65536K, used 38666K [0x00000000a0000000, 0x0000000100000000)
  region size 1024K, 3 young (3072K), 3 survivors (3072K)
 Metaspace       used 49027K, capacity 50320K, committed 50384K, reserved 1093632K
  class space    used 6205K, capacity 6685K, committed 6688K, reserved 1048576K
}
Event: 20.810 GC heap before
{Heap before GC invocations=26 (full 0):
 garbage-first heap   total 65536K, used 41738K [0x00000000a0000000, 0x0000000100000000)
  region size 1024K, 5 young (5120K), 3 survivors (3072K)
 Metaspace       used 49027K, capacity 50320K, committed 50384K, reserved 1093632K
  class space    used 6205K, capacity 6685K, committed 6688K, reserved 1048576K
}

