# JRE version: OpenJDK Runtime Environment (11.0.15) (build 11.0.15+0-b2043.56-9505619)
# Java VM: OpenJDK 64-Bit Server VM (11.0.15+0-b2043.56-9505619, mixed mode, tiered, compressed oops, g1 gc, windows-amd64)
Heap:
 garbage-first heap   total 65536K, used 11031K [0x00000000c1400000, 0x0000000100000000)
  region size 1024K, 2 young (2048K), 2 survivors (2048K)
 Metaspace       used 15587K, capacity 15907K, committed 16000K, reserved 1075200K
  class space    used 1755K, capacity 1880K, committed 1920K, reserved 1048576K
GC Heap History (6 events):
Event: 1.743 GC heap before
{Heap before GC invocations=0 (full 0):
 garbage-first heap   total 65536K, used 17408K [0x00000000c1400000, 0x0000000100000000)
  region size 1024K, 14 young (14336K), 0 survivors (0K)
 Metaspace       used 8239K, capacity 8518K, committed 8832K, reserved 1056768K
  class space    used 732K, capacity 793K, committed 896K, reserved 1048576K
}
Event: 1.753 GC heap after
{Heap after GC invocations=1 (full 0):
 garbage-first heap   total 65536K, used 3420K [0x00000000c1400000, 0x0000000100000000)
  region size 1024K, 2 young (2048K), 2 survivors (2048K)
 Metaspace       used 8239K, capacity 8518K, committed 8832K, reserved 1056768K
  class space    used 732K, capacity 793K, committed 896K, reserved 1048576K
}
Event: 2.707 GC heap before
{Heap before GC invocations=1 (full 0):
 garbage-first heap   total 65536K, used 16732K [0x00000000c1400000, 0x0000000100000000)
  region size 1024K, 12 young (12288K), 2 survivors (2048K)
 Metaspace       used 10617K, capacity 10914K, committed 11264K, reserved 1058816K
  class space    used 1074K, capacity 1168K, committed 1280K, reserved 1048576K
}
Event: 2.713 GC heap after
{Heap after GC invocations=2 (full 0):
 garbage-first heap   total 65536K, used 9326K [0x00000000c1400000, 0x0000000100000000)
  region size 1024K, 2 young (2048K), 2 survivors (2048K)
 Metaspace       used 10617K, capacity 10914K, committed 11264K, reserved 1058816K
  class space    used 1074K, capacity 1168K, committed 1280K, reserved 1048576K
}
Event: 4.843 GC heap before
{Heap before GC invocations=2 (full 0):
 garbage-first heap   total 65536K, used 28782K [0x00000000c1400000, 0x0000000100000000)
  region size 1024K, 21 young (21504K), 2 survivors (2048K)
 Metaspace       used 15101K, capacity 15475K, committed 15744K, reserved 1062912K
  class space    used 1705K, capacity 1843K, committed 1920K, reserved 1048576K
}
Event: 4.855 GC heap after
{Heap after GC invocations=3 (full 0):
 garbage-first heap   total 65536K, used 10852K [0x00000000c1400000, 0x0000000100000000)
  region size 1024K, 2 young (2048K), 2 survivors (2048K)
 Metaspace       used 15101K, capacity 15475K, committed 15744K, reserved 1062912K
  class space    used 1705K, capacity 1843K, committed 1920K, reserved 1048576K
}

