# JRE version: OpenJDK Runtime Environment (11.0.15) (build 11.0.15+0-b2043.56-9505619)
# Java VM: OpenJDK 64-Bit Server VM (11.0.15+0-b2043.56-9505619, mixed mode, tiered, compressed oops, g1 gc, windows-amd64)
Heap:
 garbage-first heap   total 165888K, used 110924K [0x00000000a0000000, 0x0000000100000000)
  region size 1024K, 36 young (36864K), 7 survivors (7168K)
 Metaspace       used 88492K, capacity 90939K, committed 91088K, reserved 1128448K
  class space    used 11603K, capacity 12549K, committed 12576K, reserved 1048576K
GC Heap History (20 events):
Event: 32.789 GC heap before
{Heap before GC invocations=63 (full 0):
 garbage-first heap   total 114688K, used 84257K [0x00000000a0000000, 0x0000000100000000)
  region size 1024K, 29 young (29696K), 3 survivors (3072K)
 Metaspace       used 68294K, capacity 70087K, committed 70352K, reserved 1110016K
  class space    used 8594K, capacity 9231K, committed 9248K, reserved 1048576K
}
Event: 32.800 GC heap after
{Heap after GC invocations=64 (full 0):
 garbage-first heap   total 114688K, used 59375K [0x00000000a0000000, 0x0000000100000000)
  region size 1024K, 4 young (4096K), 4 survivors (4096K)
 Metaspace       used 68294K, capacity 70087K, committed 70352K, reserved 1110016K
  class space    used 8594K, capacity 9231K, committed 9248K, reserved 1048576K
}
Event: 33.245 GC heap before
{Heap before GC invocations=65 (full 0):
 garbage-first heap   total 114688K, used 87023K [0x00000000a0000000, 0x0000000100000000)
  region size 1024K, 30 young (30720K), 4 survivors (4096K)
 Metaspace       used 68639K, capacity 70531K, committed 70736K, reserved 1110016K
  class space    used 8647K, capacity 9338K, committed 9376K, reserved 1048576K
}
Event: 33.259 GC heap after
{Heap after GC invocations=66 (full 0):
 garbage-first heap   total 114688K, used 61651K [0x00000000a0000000, 0x0000000100000000)
  region size 1024K, 4 young (4096K), 4 survivors (4096K)
 Metaspace       used 68639K, capacity 70531K, committed 70736K, reserved 1110016K
  class space    used 8647K, capacity 9338K, committed 9376K, reserved 1048576K
}
Event: 33.608 GC heap before
{Heap before GC invocations=66 (full 0):
 garbage-first heap   total 114688K, used 88275K [0x00000000a0000000, 0x0000000100000000)
  region size 1024K, 30 young (30720K), 4 survivors (4096K)
 Metaspace       used 69127K, capacity 71076K, committed 71376K, reserved 1112064K
  class space    used 8731K, capacity 9437K, committed 9504K, reserved 1048576K
}
Event: 33.627 GC heap after
{Heap after GC invocations=67 (full 0):
 garbage-first heap   total 138240K, used 63018K [0x00000000a0000000, 0x0000000100000000)
  region size 1024K, 2 young (2048K), 2 survivors (2048K)
 Metaspace       used 69127K, capacity 71076K, committed 71376K, reserved 1112064K
  class space    used 8731K, capacity 9437K, committed 9504K, reserved 1048576K
}
Event: 34.888 GC heap before
{Heap before GC invocations=68 (full 0):
 garbage-first heap   total 138240K, used 98858K [0x00000000a0000000, 0x0000000100000000)
  region size 1024K, 37 young (37888K), 2 survivors (2048K)
 Metaspace       used 69910K, capacity 71862K, committed 72016K, reserved 1112064K
  class space    used 8876K, capacity 9592K, committed 9632K, reserved 1048576K
}
Event: 34.896 GC heap after
{Heap after GC invocations=69 (full 0):
 garbage-first heap   total 138240K, used 63920K [0x00000000a0000000, 0x0000000100000000)
  region size 1024K, 3 young (3072K), 3 survivors (3072K)
 Metaspace       used 69910K, capacity 71862K, committed 72016K, reserved 1112064K
  class space    used 8876K, capacity 9592K, committed 9632K, reserved 1048576K
}
Event: 35.626 GC heap before
{Heap before GC invocations=69 (full 0):
 garbage-first heap   total 138240K, used 101808K [0x00000000a0000000, 0x0000000100000000)
  region size 1024K, 40 young (40960K), 3 survivors (3072K)
 Metaspace       used 70694K, capacity 72646K, committed 72912K, reserved 1112064K
  class space    used 8958K, capacity 9681K, committed 9760K, reserved 1048576K
}
Event: 35.637 GC heap after
{Heap after GC invocations=70 (full 0):
 garbage-first heap   total 138240K, used 66434K [0x00000000a0000000, 0x0000000100000000)
  region size 1024K, 5 young (5120K), 5 survivors (5120K)
 Metaspace       used 70694K, capacity 72646K, committed 72912K, reserved 1112064K
  class space    used 8958K, capacity 9681K, committed 9760K, reserved 1048576K
}
Event: 36.930 GC heap before
{Heap before GC invocations=71 (full 0):
 garbage-first heap   total 138240K, used 104322K [0x00000000a0000000, 0x0000000100000000)
  region size 1024K, 42 young (43008K), 5 survivors (5120K)
 Metaspace       used 74606K, capacity 76556K, committed 76624K, reserved 1116160K
  class space    used 9645K, capacity 10362K, committed 10400K, reserved 1048576K
}
Event: 36.950 GC heap after
{Heap after GC invocations=72 (full 0):
 garbage-first heap   total 138240K, used 68744K [0x00000000a0000000, 0x0000000100000000)
  region size 1024K, 5 young (5120K), 5 survivors (5120K)
 Metaspace       used 74606K, capacity 76556K, committed 76624K, reserved 1116160K
  class space    used 9645K, capacity 10362K, committed 10400K, reserved 1048576K
}
Event: 38.003 GC heap before
{Heap before GC invocations=72 (full 0):
 garbage-first heap   total 138240K, used 106632K [0x00000000a0000000, 0x0000000100000000)
  region size 1024K, 42 young (43008K), 5 survivors (5120K)
 Metaspace       used 77011K, capacity 79078K, committed 79312K, reserved 1118208K
  class space    used 9971K, capacity 10702K, committed 10784K, reserved 1048576K
}
Event: 38.021 GC heap after
{Heap after GC invocations=73 (full 0):
 garbage-first heap   total 138240K, used 71548K [0x00000000a0000000, 0x0000000100000000)
  region size 1024K, 5 young (5120K), 5 survivors (5120K)
 Metaspace       used 77011K, capacity 79078K, committed 79312K, reserved 1118208K
  class space    used 9971K, capacity 10702K, committed 10784K, reserved 1048576K
}
Event: 43.504 GC heap before
{Heap before GC invocations=74 (full 0):
 garbage-first heap   total 138240K, used 109436K [0x00000000a0000000, 0x0000000100000000)
  region size 1024K, 42 young (43008K), 5 survivors (5120K)
 Metaspace       used 78060K, capacity 80074K, committed 80208K, reserved 1118208K
  class space    used 10150K, capacity 10901K, committed 10912K, reserved 1048576K
}
Event: 43.535 GC heap after
{Heap after GC invocations=75 (full 0):
 garbage-first heap   total 165888K, used 75118K [0x00000000a0000000, 0x0000000100000000)
  region size 1024K, 6 young (6144K), 6 survivors (6144K)
 Metaspace       used 78060K, capacity 80074K, committed 80208K, reserved 1118208K
  class space    used 10150K, capacity 10901K, committed 10912K, reserved 1048576K
}
Event: 46.092 GC heap before
{Heap before GC invocations=75 (full 0):
 garbage-first heap   total 165888K, used 123246K [0x00000000a0000000, 0x0000000100000000)
  region size 1024K, 53 young (54272K), 6 survivors (6144K)
 Metaspace       used 82055K, capacity 84258K, committed 84560K, reserved 1122304K
  class space    used 10725K, capacity 11577K, committed 11680K, reserved 1048576K
}
Event: 46.111 GC heap after
{Heap after GC invocations=76 (full 0):
 garbage-first heap   total 165888K, used 78208K [0x00000000a0000000, 0x0000000100000000)
  region size 1024K, 7 young (7168K), 7 survivors (7168K)
 Metaspace       used 82055K, capacity 84258K, committed 84560K, reserved 1122304K
  class space    used 10725K, capacity 11577K, committed 11680K, reserved 1048576K
}
Event: 47.477 GC heap before
{Heap before GC invocations=76 (full 0):
 garbage-first heap   total 165888K, used 127360K [0x00000000a0000000, 0x0000000100000000)
  region size 1024K, 55 young (56320K), 7 survivors (7168K)
 Metaspace       used 86584K, capacity 88872K, committed 89040K, reserved 1126400K
  class space    used 11320K, capacity 12203K, committed 12320K, reserved 1048576K
}
Event: 47.503 GC heap after
{Heap after GC invocations=77 (full 0):
 garbage-first heap   total 165888K, used 82252K [0x00000000a0000000, 0x0000000100000000)
  region size 1024K, 7 young (7168K), 7 survivors (7168K)
 Metaspace       used 86584K, capacity 88872K, committed 89040K, reserved 1126400K
  class space    used 11320K, capacity 12203K, committed 12320K, reserved 1048576K
}

