# JRE version: Java(TM) SE Runtime Environment (8.0_51-b16) (build 1.8.0_51-b16)
# Java VM: Java HotSpot(TM) 64-Bit Server VM (25.51-b03 mixed mode windows-amd64 compressed oops)
Heap:
 PSYoungGen      total 183296K, used 6131K [0x00000000e0000000, 0x00000000ec180000, 0x0000000100000000)
  eden space 171008K, 0% used [0x00000000e0000000,0x00000000e0000000,0x00000000ea700000)
  from space 12288K, 49% used [0x00000000eb300000,0x00000000eb8fccd0,0x00000000ebf00000)
  to   space 12288K, 0% used [0x00000000ea700000,0x00000000ea700000,0x00000000eb300000)
 ParOldGen       total 36352K, used 15371K [0x00000000a0000000, 0x00000000a2380000, 0x00000000e0000000)
  object space 36352K, 42% used [0x00000000a0000000,0x00000000a0f02ef8,0x00000000a2380000)
 Metaspace       used 41144K, capacity 43668K, committed 43736K, reserved 1091584K
  class space    used 5865K, capacity 6357K, committed 6400K, reserved 1048576K
GC Heap History (10 events):
Event: 5.477 GC heap before
{Heap before GC invocations=9 (full 1):
 PSYoungGen      total 136704K, used 6475K [0x00000000e0000000, 0x00000000e9000000, 0x0000000100000000)
  eden space 127488K, 0% used [0x00000000e0000000,0x00000000e0000000,0x00000000e7c80000)
  from space 9216K, 70% used [0x00000000e8600000,0x00000000e8c52c00,0x00000000e8f00000)
  to   space 9728K, 0% used [0x00000000e7c80000,0x00000000e7c80000,0x00000000e8600000)
 ParOldGen       total 44032K, used 8781K [0x00000000a0000000, 0x00000000a2b00000, 0x00000000e0000000)
  object space 44032K, 19% used [0x00000000a0000000,0x00000000a08937f0,0x00000000a2b00000)
 Metaspace       used 20315K, capacity 21106K, committed 21248K, reserved 1067008K
  class space    used 3006K, capacity 3213K, committed 3328K, reserved 1048576K
Event: 5.533 GC heap after
Heap after GC invocations=9 (full 1):
 PSYoungGen      total 136704K, used 0K [0x00000000e0000000, 0x00000000e9000000, 0x0000000100000000)
  eden space 127488K, 0% used [0x00000000e0000000,0x00000000e0000000,0x00000000e7c80000)
  from space 9216K, 0% used [0x00000000e8600000,0x00000000e8600000,0x00000000e8f00000)
  to   space 9728K, 0% used [0x00000000e7c80000,0x00000000e7c80000,0x00000000e8600000)
 ParOldGen       total 36352K, used 9532K [0x00000000a0000000, 0x00000000a2380000, 0x00000000e0000000)
  object space 36352K, 26% used [0x00000000a0000000,0x00000000a094f298,0x00000000a2380000)
 Metaspace       used 20315K, capacity 21106K, committed 21248K, reserved 1067008K
  class space    used 3006K, capacity 3213K, committed 3328K, reserved 1048576K
}
Event: 7.307 GC heap before
{Heap before GC invocations=10 (full 1):
 PSYoungGen      total 136704K, used 127488K [0x00000000e0000000, 0x00000000e9000000, 0x0000000100000000)
  eden space 127488K, 100% used [0x00000000e0000000,0x00000000e7c80000,0x00000000e7c80000)
  from space 9216K, 0% used [0x00000000e8600000,0x00000000e8600000,0x00000000e8f00000)
  to   space 9728K, 0% used [0x00000000e7c80000,0x00000000e7c80000,0x00000000e8600000)
 ParOldGen       total 36352K, used 9532K [0x00000000a0000000, 0x00000000a2380000, 0x00000000e0000000)
  object space 36352K, 26% used [0x00000000a0000000,0x00000000a094f298,0x00000000a2380000)
 Metaspace       used 31950K, capacity 33454K, committed 33664K, reserved 1077248K
  class space    used 4589K, capacity 4908K, committed 4992K, reserved 1048576K
Event: 7.327 GC heap after
Heap after GC invocations=10 (full 1):
 PSYoungGen      total 137216K, used 9727K [0x00000000e0000000, 0x00000000ebf00000, 0x0000000100000000)
  eden space 127488K, 0% used [0x00000000e0000000,0x00000000e0000000,0x00000000e7c80000)
  from space 9728K, 99% used [0x00000000e7c80000,0x00000000e85fff58,0x00000000e8600000)
  to   space 12288K, 0% used [0x00000000eb300000,0x00000000eb300000,0x00000000ebf00000)
 ParOldGen       total 36352K, used 12507K [0x00000000a0000000, 0x00000000a2380000, 0x00000000e0000000)
  object space 36352K, 34% used [0x00000000a0000000,0x00000000a0c36f80,0x00000000a2380000)
 Metaspace       used 31950K, capacity 33454K, committed 33664K, reserved 1077248K
  class space    used 4589K, capacity 4908K, committed 4992K, reserved 1048576K
}
Event: 8.536 GC heap before
{Heap before GC invocations=11 (full 1):
 PSYoungGen      total 137216K, used 61418K [0x00000000e0000000, 0x00000000ebf00000, 0x0000000100000000)
  eden space 127488K, 40% used [0x00000000e0000000,0x00000000e327ac80,0x00000000e7c80000)
  from space 9728K, 99% used [0x00000000e7c80000,0x00000000e85fff58,0x00000000e8600000)
  to   space 12288K, 0% used [0x00000000eb300000,0x00000000eb300000,0x00000000ebf00000)
 ParOldGen       total 36352K, used 12507K [0x00000000a0000000, 0x00000000a2380000, 0x00000000e0000000)
  object space 36352K, 34% used [0x00000000a0000000,0x00000000a0c36f80,0x00000000a2380000)
 Metaspace       used 33700K, capacity 35300K, committed 35416K, reserved 1079296K
  class space    used 4862K, capacity 5178K, committed 5248K, reserved 1048576K
Event: 8.560 GC heap after
Heap after GC invocations=11 (full 1):
 PSYoungGen      total 183296K, used 8062K [0x00000000e0000000, 0x00000000ec180000, 0x0000000100000000)
  eden space 171008K, 0% used [0x00000000e0000000,0x00000000e0000000,0x00000000ea700000)
  from space 12288K, 65% used [0x00000000eb300000,0x00000000ebadf848,0x00000000ebf00000)
  to   space 12288K, 0% used [0x00000000ea700000,0x00000000ea700000,0x00000000eb300000)
 ParOldGen       total 36352K, used 12515K [0x00000000a0000000, 0x00000000a2380000, 0x00000000e0000000)
  object space 36352K, 34% used [0x00000000a0000000,0x00000000a0c38f80,0x00000000a2380000)
 Metaspace       used 33700K, capacity 35300K, committed 35416K, reserved 1079296K
  class space    used 4862K, capacity 5178K, committed 5248K, reserved 1048576K
}
Event: 8.560 GC heap before
{Heap before GC invocations=12 (full 2):
 PSYoungGen      total 183296K, used 8062K [0x00000000e0000000, 0x00000000ec180000, 0x0000000100000000)
  eden space 171008K, 0% used [0x00000000e0000000,0x00000000e0000000,0x00000000ea700000)
  from space 12288K, 65% used [0x00000000eb300000,0x00000000ebadf848,0x00000000ebf00000)
  to   space 12288K, 0% used [0x00000000ea700000,0x00000000ea700000,0x00000000eb300000)
 ParOldGen       total 36352K, used 12515K [0x00000000a0000000, 0x00000000a2380000, 0x00000000e0000000)
  object space 36352K, 34% used [0x00000000a0000000,0x00000000a0c38f80,0x00000000a2380000)
 Metaspace       used 33700K, capacity 35300K, committed 35416K, reserved 1079296K
  class space    used 4862K, capacity 5178K, committed 5248K, reserved 1048576K
Event: 8.684 GC heap after
Heap after GC invocations=12 (full 2):
 PSYoungGen      total 183296K, used 0K [0x00000000e0000000, 0x00000000ec180000, 0x0000000100000000)
  eden space 171008K, 0% used [0x00000000e0000000,0x00000000e0000000,0x00000000ea700000)
  from space 12288K, 0% used [0x00000000eb300000,0x00000000eb300000,0x00000000ebf00000)
  to   space 12288K, 0% used [0x00000000ea700000,0x00000000ea700000,0x00000000eb300000)
 ParOldGen       total 36352K, used 15355K [0x00000000a0000000, 0x00000000a2380000, 0x00000000e0000000)
  object space 36352K, 42% used [0x00000000a0000000,0x00000000a0efeef8,0x00000000a2380000)
 Metaspace       used 33700K, capacity 35300K, committed 35416K, reserved 1079296K
  class space    used 4862K, capacity 5178K, committed 5248K, reserved 1048576K
}
Event: 11.476 GC heap before
{Heap before GC invocations=13 (full 2):
 PSYoungGen      total 183296K, used 171008K [0x00000000e0000000, 0x00000000ec180000, 0x0000000100000000)
  eden space 171008K, 100% used [0x00000000e0000000,0x00000000ea700000,0x00000000ea700000)
  from space 12288K, 0% used [0x00000000eb300000,0x00000000eb300000,0x00000000ebf00000)
  to   space 12288K, 0% used [0x00000000ea700000,0x00000000ea700000,0x00000000eb300000)
 ParOldGen       total 36352K, used 15355K [0x00000000a0000000, 0x00000000a2380000, 0x00000000e0000000)
  object space 36352K, 42% used [0x00000000a0000000,0x00000000a0efeef8,0x00000000a2380000)
 Metaspace       used 40541K, capacity 42966K, committed 43096K, reserved 1085440K
  class space    used 5781K, capacity 6233K, committed 6272K, reserved 1048576K
Event: 11.530 GC heap after
Heap after GC invocations=13 (full 2):
 PSYoungGen      total 183296K, used 10589K [0x00000000e0000000, 0x00000000ec180000, 0x0000000100000000)
  eden space 171008K, 0% used [0x00000000e0000000,0x00000000e0000000,0x00000000ea700000)
  from space 12288K, 86% used [0x00000000ea700000,0x00000000eb1576b0,0x00000000eb300000)
  to   space 12288K, 0% used [0x00000000eb300000,0x00000000eb300000,0x00000000ebf00000)
 ParOldGen       total 36352K, used 15363K [0x00000000a0000000, 0x00000000a2380000, 0x00000000e0000000)
  object space 36352K, 42% used [0x00000000a0000000,0x00000000a0f00ef8,0x00000000a2380000)
 Metaspace       used 40541K, capacity 42966K, committed 43096K, reserved 1085440K
  class space    used 5781K, capacity 6233K, committed 6272K, reserved 1048576K
}

