# JRE version: OpenJDK Runtime Environment (11.0.15) (build 11.0.15+0-b2043.56-9505619)
# Java VM: OpenJDK 64-Bit Server VM (11.0.15+0-b2043.56-9505619, mixed mode, tiered, compressed oops, g1 gc, windows-amd64)
Heap:
 garbage-first heap   total 65536K, used 10407K [0x00000000c1400000, 0x0000000100000000)
  region size 1024K, 1 young (1024K), 1 survivors (1024K)
 Metaspace       used 14524K, capacity 14816K, committed 14848K, reserved 1073152K
  class space    used 1657K, capacity 1772K, committed 1792K, reserved 1048576K
GC Heap History (6 events):
Event: 2.259 GC heap before
{Heap before GC invocations=0 (full 0):
 garbage-first heap   total 65536K, used 17408K [0x00000000c1400000, 0x0000000100000000)
  region size 1024K, 14 young (14336K), 0 survivors (0K)
 Metaspace       used 8244K, capacity 8518K, committed 8832K, reserved 1056768K
  class space    used 733K, capacity 793K, committed 896K, reserved 1048576K
}
Event: 2.301 GC heap after
{Heap after GC invocations=1 (full 0):
 garbage-first heap   total 65536K, used 3431K [0x00000000c1400000, 0x0000000100000000)
  region size 1024K, 2 young (2048K), 2 survivors (2048K)
 Metaspace       used 8244K, capacity 8518K, committed 8832K, reserved 1056768K
  class space    used 733K, capacity 793K, committed 896K, reserved 1048576K
}
Event: 3.675 GC heap before
{Heap before GC invocations=1 (full 0):
 garbage-first heap   total 65536K, used 17767K [0x00000000c1400000, 0x0000000100000000)
  region size 1024K, 13 young (13312K), 2 survivors (2048K)
 Metaspace       used 10830K, capacity 11099K, committed 11264K, reserved 1058816K
  class space    used 1106K, capacity 1211K, committed 1280K, reserved 1048576K
}
Event: 3.682 GC heap after
{Heap after GC invocations=2 (full 0):
 garbage-first heap   total 65536K, used 9548K [0x00000000c1400000, 0x0000000100000000)
  region size 1024K, 2 young (2048K), 2 survivors (2048K)
 Metaspace       used 10830K, capacity 11099K, committed 11264K, reserved 1058816K
  class space    used 1106K, capacity 1211K, committed 1280K, reserved 1048576K
}
Event: 5.545 GC heap before
{Heap before GC invocations=2 (full 0):
 garbage-first heap   total 65536K, used 23884K [0x00000000c1400000, 0x0000000100000000)
  region size 1024K, 17 young (17408K), 2 survivors (2048K)
 Metaspace       used 14524K, capacity 14816K, committed 14848K, reserved 1071104K
  class space    used 1657K, capacity 1772K, committed 1792K, reserved 1048576K
}
Event: 5.550 GC heap after
{Heap after GC invocations=3 (full 0):
 garbage-first heap   total 65536K, used 10407K [0x00000000c1400000, 0x0000000100000000)
  region size 1024K, 1 young (1024K), 1 survivors (1024K)
 Metaspace       used 14524K, capacity 14816K, committed 14848K, reserved 1071104K
  class space    used 1657K, capacity 1772K, committed 1792K, reserved 1048576K
}

