# JRE version: OpenJDK Runtime Environment (11.0.15) (build 11.0.15+0-b2043.56-9505619)
# Java VM: OpenJDK 64-Bit Server VM (11.0.15+0-b2043.56-9505619, mixed mode, tiered, compressed oops, g1 gc, windows-amd64)
Heap:
 garbage-first heap   total 65536K, used 38538K [0x00000000a0000000, 0x0000000100000000)
  region size 1024K, 24 young (24576K), 3 survivors (3072K)
 Metaspace       used 25594K, capacity 26184K, committed 26236K, reserved 1073152K
  class space    used 3281K, capacity 3485K, committed 3532K, reserved 1048576K
GC Heap History (12 events):
Event: 1.272 GC heap before
{Heap before GC invocations=0 (full 0):
 garbage-first heap   total 65536K, used 16384K [0x00000000a0000000, 0x0000000100000000)
  region size 1024K, 14 young (14336K), 0 survivors (0K)
 Metaspace       used 6748K, capacity 6937K, committed 7168K, reserved 1056768K
  class space    used 573K, capacity 650K, committed 768K, reserved 1048576K
}
Event: 1.287 GC heap after
{Heap after GC invocations=1 (full 0):
 garbage-first heap   total 65536K, used 3792K [0x00000000a0000000, 0x0000000100000000)
  region size 1024K, 2 young (2048K), 2 survivors (2048K)
 Metaspace       used 6748K, capacity 6937K, committed 7168K, reserved 1056768K
  class space    used 573K, capacity 650K, committed 768K, reserved 1048576K
}
Event: 3.551 GC heap before
{Heap before GC invocations=1 (full 0):
 garbage-first heap   total 65536K, used 42704K [0x00000000a0000000, 0x0000000100000000)
  region size 1024K, 38 young (38912K), 2 survivors (2048K)
 Metaspace       used 11269K, capacity 11522K, committed 11776K, reserved 1060864K
  class space    used 1156K, capacity 1246K, committed 1280K, reserved 1048576K
}
Event: 3.562 GC heap after
{Heap after GC invocations=2 (full 0):
 garbage-first heap   total 65536K, used 10116K [0x00000000a0000000, 0x0000000100000000)
  region size 1024K, 5 young (5120K), 5 survivors (5120K)
 Metaspace       used 11269K, capacity 11522K, committed 11776K, reserved 1060864K
  class space    used 1156K, capacity 1246K, committed 1280K, reserved 1048576K
}
Event: 4.699 GC heap before
{Heap before GC invocations=2 (full 0):
 garbage-first heap   total 65536K, used 39812K [0x00000000a0000000, 0x0000000100000000)
  region size 1024K, 33 young (33792K), 5 survivors (5120K)
 Metaspace       used 14717K, capacity 15047K, committed 15104K, reserved 1062912K
  class space    used 1649K, capacity 1762K, committed 1792K, reserved 1048576K
}
Event: 4.738 GC heap after
{Heap after GC invocations=3 (full 0):
 garbage-first heap   total 65536K, used 15471K [0x00000000a0000000, 0x0000000100000000)
  region size 1024K, 5 young (5120K), 5 survivors (5120K)
 Metaspace       used 14717K, capacity 15047K, committed 15104K, reserved 1062912K
  class space    used 1649K, capacity 1762K, committed 1792K, reserved 1048576K
}
Event: 6.897 GC heap before
{Heap before GC invocations=3 (full 0):
 garbage-first heap   total 65536K, used 43119K [0x00000000a0000000, 0x0000000100000000)
  region size 1024K, 32 young (32768K), 5 survivors (5120K)
 Metaspace       used 19788K, capacity 20208K, committed 20480K, reserved 1067008K
  class space    used 2345K, capacity 2485K, committed 2560K, reserved 1048576K
}
Event: 6.904 GC heap after
{Heap after GC invocations=4 (full 0):
 garbage-first heap   total 65536K, used 16986K [0x00000000a0000000, 0x0000000100000000)
  region size 1024K, 2 young (2048K), 2 survivors (2048K)
 Metaspace       used 19788K, capacity 20208K, committed 20480K, reserved 1067008K
  class space    used 2345K, capacity 2485K, committed 2560K, reserved 1048576K
}
Event: 7.421 GC heap before
{Heap before GC invocations=4 (full 0):
 garbage-first heap   total 65536K, used 26202K [0x00000000a0000000, 0x0000000100000000)
  region size 1024K, 12 young (12288K), 2 survivors (2048K)
 Metaspace       used 20731K, capacity 21142K, committed 21296K, reserved 1069056K
  class space    used 2486K, capacity 2629K, committed 2688K, reserved 1048576K
}
Event: 7.427 GC heap after
{Heap after GC invocations=5 (full 0):
 garbage-first heap   total 65536K, used 17277K [0x00000000a0000000, 0x0000000100000000)
  region size 1024K, 2 young (2048K), 2 survivors (2048K)
 Metaspace       used 20731K, capacity 21142K, committed 21296K, reserved 1069056K
  class space    used 2486K, capacity 2629K, committed 2688K, reserved 1048576K
}
Event: 8.012 GC heap before
{Heap before GC invocations=6 (full 0):
 garbage-first heap   total 65536K, used 44925K [0x00000000a0000000, 0x0000000100000000)
  region size 1024K, 29 young (29696K), 2 survivors (2048K)
 Metaspace       used 23489K, capacity 24063K, committed 24316K, reserved 1071104K
  class space    used 2928K, capacity 3114K, committed 3148K, reserved 1048576K
}
Event: 8.017 GC heap after
{Heap after GC invocations=7 (full 0):
 garbage-first heap   total 65536K, used 18058K [0x00000000a0000000, 0x0000000100000000)
  region size 1024K, 3 young (3072K), 3 survivors (3072K)
 Metaspace       used 23489K, capacity 24063K, committed 24316K, reserved 1071104K
  class space    used 2928K, capacity 3114K, committed 3148K, reserved 1048576K
}

