# JRE version: OpenJDK Runtime Environment (11.0.15) (build 11.0.15+0-b2043.56-9505619)
# Java VM: OpenJDK 64-Bit Server VM (11.0.15+0-b2043.56-9505619, mixed mode, tiered, compressed oops, g1 gc, windows-amd64)
Heap:
 garbage-first heap   total 215040K, used 134040K [0x00000000a0000000, 0x0000000100000000)
  region size 1024K, 22 young (22528K), 8 survivors (8192K)
 Metaspace       used 94681K, capacity 97969K, committed 98304K, reserved 1134592K
  class space    used 12328K, capacity 13457K, committed 13568K, reserved 1048576K
GC Heap History (20 events):
Event: 24.062 GC heap before
{Heap before GC invocations=49 (full 0):
 garbage-first heap   total 138240K, used 102464K [0x00000000a0000000, 0x0000000100000000)
  region size 1024K, 37 young (37888K), 5 survivors (5120K)
 Metaspace       used 75990K, capacity 77975K, committed 78208K, reserved 1116160K
  class space    used 9846K, capacity 10576K, committed 10624K, reserved 1048576K
}
Event: 24.077 GC heap after
{Heap after GC invocations=50 (full 0):
 garbage-first heap   total 138240K, used 71353K [0x00000000a0000000, 0x0000000100000000)
  region size 1024K, 4 young (4096K), 4 survivors (4096K)
 Metaspace       used 75990K, capacity 77975K, committed 78208K, reserved 1116160K
  class space    used 9846K, capacity 10576K, committed 10624K, reserved 1048576K
}
Event: 24.594 GC heap before
{Heap before GC invocations=50 (full 0):
 garbage-first heap   total 138240K, used 105145K [0x00000000a0000000, 0x0000000100000000)
  region size 1024K, 37 young (37888K), 4 survivors (4096K)
 Metaspace       used 77448K, capacity 79538K, committed 79744K, reserved 1118208K
  class space    used 10056K, capacity 10818K, committed 10880K, reserved 1048576K
}
Event: 24.609 GC heap after
{Heap after GC invocations=51 (full 0):
 garbage-first heap   total 138240K, used 74379K [0x00000000a0000000, 0x0000000100000000)
  region size 1024K, 5 young (5120K), 5 survivors (5120K)
 Metaspace       used 77448K, capacity 79538K, committed 79744K, reserved 1118208K
  class space    used 10056K, capacity 10818K, committed 10880K, reserved 1048576K
}
Event: 25.171 GC heap before
{Heap before GC invocations=52 (full 0):
 garbage-first heap   total 138240K, used 107147K [0x00000000a0000000, 0x0000000100000000)
  region size 1024K, 37 young (37888K), 5 survivors (5120K)
 Metaspace       used 78349K, capacity 80472K, committed 80768K, reserved 1118208K
  class space    used 10202K, capacity 11014K, committed 11136K, reserved 1048576K
}
Event: 25.191 GC heap after
{Heap after GC invocations=53 (full 0):
 garbage-first heap   total 177152K, used 77272K [0x00000000a0000000, 0x0000000100000000)
  region size 1024K, 3 young (3072K), 3 survivors (3072K)
 Metaspace       used 78349K, capacity 80472K, committed 80768K, reserved 1118208K
  class space    used 10202K, capacity 11014K, committed 11136K, reserved 1048576K
}
Event: 26.676 GC heap before
{Heap before GC invocations=53 (full 0):
 garbage-first heap   total 177152K, used 124376K [0x00000000a0000000, 0x0000000100000000)
  region size 1024K, 48 young (49152K), 3 survivors (3072K)
 Metaspace       used 80362K, capacity 82769K, committed 83072K, reserved 1120256K
  class space    used 10481K, capacity 11341K, committed 11392K, reserved 1048576K
}
Event: 26.690 GC heap after
{Heap after GC invocations=54 (full 0):
 garbage-first heap   total 177152K, used 87826K [0x00000000a0000000, 0x0000000100000000)
  region size 1024K, 6 young (6144K), 6 survivors (6144K)
 Metaspace       used 80362K, capacity 82769K, committed 83072K, reserved 1120256K
  class space    used 10481K, capacity 11341K, committed 11392K, reserved 1048576K
}
Event: 27.982 GC heap before
{Heap before GC invocations=54 (full 0):
 garbage-first heap   total 177152K, used 133906K [0x00000000a0000000, 0x0000000100000000)
  region size 1024K, 51 young (52224K), 6 survivors (6144K)
 Metaspace       used 83441K, capacity 86121K, committed 86400K, reserved 1124352K
  class space    used 10938K, capacity 11843K, committed 11904K, reserved 1048576K
}
Event: 28.012 GC heap after
{Heap after GC invocations=55 (full 0):
 garbage-first heap   total 177152K, used 93619K [0x00000000a0000000, 0x0000000100000000)
  region size 1024K, 5 young (5120K), 5 survivors (5120K)
 Metaspace       used 83441K, capacity 86121K, committed 86400K, reserved 1124352K
  class space    used 10938K, capacity 11843K, committed 11904K, reserved 1048576K
}
Event: 30.192 GC heap before
{Heap before GC invocations=56 (full 0):
 garbage-first heap   total 177152K, used 137651K [0x00000000a0000000, 0x0000000100000000)
  region size 1024K, 48 young (49152K), 5 survivors (5120K)
 Metaspace       used 88203K, capacity 91040K, committed 91264K, reserved 1128448K
  class space    used 11582K, capacity 12549K, committed 12672K, reserved 1048576K
}
Event: 30.213 GC heap after
{Heap after GC invocations=57 (full 0):
 garbage-first heap   total 177152K, used 96487K [0x00000000a0000000, 0x0000000100000000)
  region size 1024K, 3 young (3072K), 3 survivors (3072K)
 Metaspace       used 88203K, capacity 91040K, committed 91264K, reserved 1128448K
  class space    used 11582K, capacity 12549K, committed 12672K, reserved 1048576K
}
Event: 33.053 GC heap before
{Heap before GC invocations=57 (full 0):
 garbage-first heap   total 177152K, used 140519K [0x00000000a0000000, 0x0000000100000000)
  region size 1024K, 46 young (47104K), 3 survivors (3072K)
 Metaspace       used 90176K, capacity 93005K, committed 93184K, reserved 1130496K
  class space    used 11813K, capacity 12757K, committed 12800K, reserved 1048576K
}
Event: 33.082 GC heap after
{Heap after GC invocations=58 (full 0):
 garbage-first heap   total 215040K, used 102222K [0x00000000a0000000, 0x0000000100000000)
  region size 1024K, 6 young (6144K), 6 survivors (6144K)
 Metaspace       used 90176K, capacity 93005K, committed 93184K, reserved 1130496K
  class space    used 11813K, capacity 12757K, committed 12800K, reserved 1048576K
}
Event: 36.062 GC heap before
{Heap before GC invocations=59 (full 0):
 garbage-first heap   total 215040K, used 155470K [0x00000000a0000000, 0x0000000100000000)
  region size 1024K, 59 young (60416K), 6 survivors (6144K)
 Metaspace       used 92027K, capacity 95015K, committed 95104K, reserved 1130496K
  class space    used 12071K, capacity 13099K, committed 13184K, reserved 1048576K
}
Event: 36.117 GC heap after
{Heap after GC invocations=60 (full 0):
 garbage-first heap   total 215040K, used 107142K [0x00000000a0000000, 0x0000000100000000)
  region size 1024K, 8 young (8192K), 8 survivors (8192K)
 Metaspace       used 92027K, capacity 95015K, committed 95104K, reserved 1130496K
  class space    used 12071K, capacity 13099K, committed 13184K, reserved 1048576K
}
Event: 128.970 GC heap before
{Heap before GC invocations=60 (full 0):
 garbage-first heap   total 215040K, used 162438K [0x00000000a0000000, 0x0000000100000000)
  region size 1024K, 63 young (64512K), 8 survivors (8192K)
 Metaspace       used 93977K, capacity 97113K, committed 97408K, reserved 1132544K
  class space    used 12289K, capacity 13388K, committed 13440K, reserved 1048576K
}
Event: 129.033 GC heap after
{Heap after GC invocations=61 (full 0):
 garbage-first heap   total 215040K, used 110961K [0x00000000a0000000, 0x0000000100000000)
  region size 1024K, 5 young (5120K), 5 survivors (5120K)
 Metaspace       used 93977K, capacity 97113K, committed 97408K, reserved 1132544K
  class space    used 12289K, capacity 13388K, committed 13440K, reserved 1048576K
}
Event: 131.284 GC heap before
{Heap before GC invocations=62 (full 0):
 garbage-first heap   total 215040K, used 166257K [0x00000000a0000000, 0x0000000100000000)
  region size 1024K, 60 young (61440K), 5 survivors (5120K)
 Metaspace       used 94663K, capacity 97966K, committed 98304K, reserved 1134592K
  class space    used 12327K, capacity 13456K, committed 13568K, reserved 1048576K
}
Event: 131.329 GC heap after
{Heap after GC invocations=63 (full 0):
 garbage-first heap   total 215040K, used 121752K [0x00000000a0000000, 0x0000000100000000)
  region size 1024K, 8 young (8192K), 8 survivors (8192K)
 Metaspace       used 94663K, capacity 97966K, committed 98304K, reserved 1134592K
  class space    used 12327K, capacity 13456K, committed 13568K, reserved 1048576K
}

