# JRE version: OpenJDK Runtime Environment (11.0.15) (build 11.0.15+0-b2043.56-9505619)
# Java VM: OpenJDK 64-Bit Server VM (11.0.15+0-b2043.56-9505619, mixed mode, tiered, compressed oops, g1 gc, windows-amd64)
Heap:
 garbage-first heap   total 269312K, used 50416K [0x00000000a0000000, 0x0000000100000000)
  region size 1024K, 4 young (4096K), 4 survivors (4096K)
 Metaspace       used 65902K, capacity 67305K, committed 67496K, reserved 1107968K
  class space    used 8013K, capacity 8565K, committed 8696K, reserved 1048576K
GC Heap History (20 events):
Event: 111.469 GC heap after
{Heap after GC invocations=40 (full 0):
 garbage-first heap   total 114688K, used 48359K [0x00000000a0000000, 0x0000000100000000)
  region size 1024K, 4 young (4096K), 4 survivors (4096K)
 Metaspace       used 65876K, capacity 67305K, committed 67496K, reserved 1107968K
  class space    used 8013K, capacity 8565K, committed 8696K, reserved 1048576K
}
Event: 111.657 GC heap before
{Heap before GC invocations=40 (full 0):
 garbage-first heap   total 114688K, used 96487K [0x00000000a0000000, 0x0000000100000000)
  region size 1024K, 52 young (53248K), 4 survivors (4096K)
 Metaspace       used 65876K, capacity 67305K, committed 67496K, reserved 1107968K
  class space    used 8013K, capacity 8565K, committed 8696K, reserved 1048576K
}
Event: 111.662 GC heap after
{Heap after GC invocations=41 (full 0):
 garbage-first heap   total 114688K, used 48478K [0x00000000a0000000, 0x0000000100000000)
  region size 1024K, 5 young (5120K), 5 survivors (5120K)
 Metaspace       used 65876K, capacity 67305K, committed 67496K, reserved 1107968K
  class space    used 8013K, capacity 8565K, committed 8696K, reserved 1048576K
}
Event: 111.846 GC heap before
{Heap before GC invocations=41 (full 0):
 garbage-first heap   total 114688K, used 94558K [0x00000000a0000000, 0x0000000100000000)
  region size 1024K, 51 young (52224K), 5 survivors (5120K)
 Metaspace       used 65881K, capacity 67305K, committed 67496K, reserved 1107968K
  class space    used 8013K, capacity 8565K, committed 8696K, reserved 1048576K
}
Event: 111.853 GC heap after
{Heap after GC invocations=42 (full 0):
 garbage-first heap   total 114688K, used 48619K [0x00000000a0000000, 0x0000000100000000)
  region size 1024K, 4 young (4096K), 4 survivors (4096K)
 Metaspace       used 65881K, capacity 67305K, committed 67496K, reserved 1107968K
  class space    used 8013K, capacity 8565K, committed 8696K, reserved 1048576K
}
Event: 112.103 GC heap before
{Heap before GC invocations=42 (full 0):
 garbage-first heap   total 114688K, used 97771K [0x00000000a0000000, 0x0000000100000000)
  region size 1024K, 52 young (53248K), 4 survivors (4096K)
 Metaspace       used 65898K, capacity 67305K, committed 67496K, reserved 1107968K
  class space    used 8013K, capacity 8565K, committed 8696K, reserved 1048576K
}
Event: 112.112 GC heap after
{Heap after GC invocations=43 (full 0):
 garbage-first heap   total 114688K, used 48111K [0x00000000a0000000, 0x0000000100000000)
  region size 1024K, 4 young (4096K), 4 survivors (4096K)
 Metaspace       used 65898K, capacity 67305K, committed 67496K, reserved 1107968K
  class space    used 8013K, capacity 8565K, committed 8696K, reserved 1048576K
}
Event: 112.308 GC heap before
{Heap before GC invocations=43 (full 0):
 garbage-first heap   total 114688K, used 96239K [0x00000000a0000000, 0x0000000100000000)
  region size 1024K, 52 young (53248K), 4 survivors (4096K)
 Metaspace       used 65898K, capacity 67305K, committed 67496K, reserved 1107968K
  class space    used 8013K, capacity 8565K, committed 8696K, reserved 1048576K
}
Event: 112.316 GC heap after
{Heap after GC invocations=44 (full 0):
 garbage-first heap   total 114688K, used 48497K [0x00000000a0000000, 0x0000000100000000)
  region size 1024K, 4 young (4096K), 4 survivors (4096K)
 Metaspace       used 65898K, capacity 67305K, committed 67496K, reserved 1107968K
  class space    used 8013K, capacity 8565K, committed 8696K, reserved 1048576K
}
Event: 112.508 GC heap before
{Heap before GC invocations=44 (full 0):
 garbage-first heap   total 114688K, used 96625K [0x00000000a0000000, 0x0000000100000000)
  region size 1024K, 52 young (53248K), 4 survivors (4096K)
 Metaspace       used 65898K, capacity 67305K, committed 67496K, reserved 1107968K
  class space    used 8013K, capacity 8565K, committed 8696K, reserved 1048576K
}
Event: 112.512 GC heap after
{Heap after GC invocations=45 (full 0):
 garbage-first heap   total 114688K, used 49489K [0x00000000a0000000, 0x0000000100000000)
  region size 1024K, 5 young (5120K), 5 survivors (5120K)
 Metaspace       used 65898K, capacity 67305K, committed 67496K, reserved 1107968K
  class space    used 8013K, capacity 8565K, committed 8696K, reserved 1048576K
}
Event: 112.700 GC heap before
{Heap before GC invocations=45 (full 0):
 garbage-first heap   total 114688K, used 96593K [0x00000000a0000000, 0x0000000100000000)
  region size 1024K, 51 young (52224K), 5 survivors (5120K)
 Metaspace       used 65900K, capacity 67305K, committed 67496K, reserved 1107968K
  class space    used 8013K, capacity 8565K, committed 8696K, reserved 1048576K
}
Event: 112.710 GC heap after
{Heap after GC invocations=46 (full 0):
 garbage-first heap   total 114688K, used 49554K [0x00000000a0000000, 0x0000000100000000)
  region size 1024K, 4 young (4096K), 4 survivors (4096K)
 Metaspace       used 65900K, capacity 67305K, committed 67496K, reserved 1107968K
  class space    used 8013K, capacity 8565K, committed 8696K, reserved 1048576K
}
Event: 112.876 GC heap before
{Heap before GC invocations=46 (full 0):
 garbage-first heap   total 114688K, used 95634K [0x00000000a0000000, 0x0000000100000000)
  region size 1024K, 50 young (51200K), 4 survivors (4096K)
 Metaspace       used 65900K, capacity 67305K, committed 67496K, reserved 1107968K
  class space    used 8013K, capacity 8565K, committed 8696K, reserved 1048576K
}
Event: 112.881 GC heap after
{Heap after GC invocations=47 (full 0):
 garbage-first heap   total 114688K, used 49698K [0x00000000a0000000, 0x0000000100000000)
  region size 1024K, 4 young (4096K), 4 survivors (4096K)
 Metaspace       used 65900K, capacity 67305K, committed 67496K, reserved 1107968K
  class space    used 8013K, capacity 8565K, committed 8696K, reserved 1048576K
}
Event: 113.073 GC heap before
{Heap before GC invocations=47 (full 0):
 garbage-first heap   total 114688K, used 96802K [0x00000000a0000000, 0x0000000100000000)
  region size 1024K, 51 young (52224K), 4 survivors (4096K)
 Metaspace       used 65901K, capacity 67305K, committed 67496K, reserved 1107968K
  class space    used 8013K, capacity 8565K, committed 8696K, reserved 1048576K
}
Event: 113.078 GC heap after
{Heap after GC invocations=48 (full 0):
 garbage-first heap   total 114688K, used 50194K [0x00000000a0000000, 0x0000000100000000)
  region size 1024K, 4 young (4096K), 4 survivors (4096K)
 Metaspace       used 65901K, capacity 67305K, committed 67496K, reserved 1107968K
  class space    used 8013K, capacity 8565K, committed 8696K, reserved 1048576K
}
Event: 113.223 GC heap before
{Heap before GC invocations=48 (full 0):
 garbage-first heap   total 114688K, used 96274K [0x00000000a0000000, 0x0000000100000000)
  region size 1024K, 51 young (52224K), 4 survivors (4096K)
 Metaspace       used 65901K, capacity 67305K, committed 67496K, reserved 1107968K
  class space    used 8013K, capacity 8565K, committed 8696K, reserved 1048576K
}
Event: 113.356 GC heap after
{Heap after GC invocations=49 (full 0):
 garbage-first heap   total 114688K, used 50415K [0x00000000a0000000, 0x0000000100000000)
  region size 1024K, 4 young (4096K), 4 survivors (4096K)
 Metaspace       used 65901K, capacity 67305K, committed 67496K, reserved 1107968K
  class space    used 8013K, capacity 8565K, committed 8696K, reserved 1048576K
}
Event: 113.497 GC heap before
{Heap before GC invocations=49 (full 0):
 garbage-first heap   total 114688K, used 96495K [0x00000000a0000000, 0x0000000100000000)
  region size 1024K, 50 young (51200K), 4 survivors (4096K)
 Metaspace       used 65902K, capacity 67305K, committed 67496K, reserved 1107968K
  class space    used 8013K, capacity 8565K, committed 8696K, reserved 1048576K
}

